Build started 9/24/2011 11:47:05 PM.
     1>Project "D:\VS_WS\runQuery\runQuery\runQuery.vcxproj" on node 2 (build target(s)).
     1>InitializeBuildStatus:
         Creating "Debug\runQuery.unsuccessfulbuild" because "AlwaysCreate" was specified.
       ClCompile:
         C:\Program Files (x86)\Microsoft Visual Studio 10.0\VC\bin\CL.exe /c /ID:\Softwares\Siemens\Teamcenter8\include /ID:\Softwares\Siemens\Teamcenter8\include_cpp /ZI /nologo /W3 /WX- /Od /Oy- /D IPLIB=none /D _MBCS /Gm /EHsc /RTC1 /MDd /GS /fp:precise /Zc:wchar_t /Zc:forScope /Fo"Debug\\" /Fd"Debug\vc100.pdb" /Gd /TP /analyze- /errorReport:prompt runQuery.cpp
         runQuery.cpp
       Link:
         C:\Program Files (x86)\Microsoft Visual Studio 10.0\VC\bin\link.exe /ERRORREPORT:PROMPT /OUT:"D:\VS_WS\runQuery\Debug\runQuery.exe" /NOLOGO /LIBPATH:D:\Softwares\Siemens\Teamcenter8\lib "D:\Softwares\Siemens\Teamcenter8\lib\*.lib" itk_main.obj kernel32.lib user32.lib gdi32.lib winspool.lib comdlg32.lib advapi32.lib shell32.lib ole32.lib oleaut32.lib uuid.lib odbc32.lib odbccp32.lib /MANIFEST /ManifestFile:"Debug\runQuery.exe.intermediate.manifest" /MANIFESTUAC:"level='asInvoker' uiAccess='false'" /DEBUG /PDB:"D:\VS_WS\runQuery\Debug\runQuery.pdb" /TLBID:1 /DYNAMICBASE /NXCOMPAT /IMPLIB:"D:\VS_WS\runQuery\Debug\runQuery.lib" /MACHINE:X86 Debug\collections.obj
         Debug\runQuery.obj
         LINK : D:\VS_WS\runQuery\Debug\runQuery.exe not found or not built by the last incremental link; performing full link
     1>LINK : warning LNK4098: defaultlib 'MSVCRTD' conflicts with use of other libs; use /NODEFAULTLIB:library
     1>itk_main.obj : warning LNK4099: PDB 'vc80.pdb' was not found with 'itk_main.obj' or at 'D:\VS_WS\runQuery\Debug\vc80.pdb'; linking object as if no debug info
         runQuery.vcxproj -> D:\VS_WS\runQuery\Debug\runQuery.exe
       Manifest:
         C:\Program Files (x86)\Microsoft SDKs\Windows\v7.0A\bin\mt.exe /nologo /verbose /outputresource:"D:\VS_WS\runQuery\Debug\runQuery.exe;#1" /manifest Debug\runQuery.exe.intermediate.manifest
       FinalizeBuildStatus:
         Deleting file "Debug\runQuery.unsuccessfulbuild".
         Touching "Debug\runQuery.lastbuildstate".
     1>Done Building Project "D:\VS_WS\runQuery\runQuery\runQuery.vcxproj" (build target(s)).

Build succeeded.

Time Elapsed 00:00:00.80
